<?xml version="1.0" encoding="UTF-8" ?>
<testsuite tests="7" failures="0" name="com.rbac.dao.RoleDaoTest" time="0.036" errors="1" skipped="0">
  <properties>
[...]
</properties>
  <testcase classname="com.rbac.dao.RoleDaoTest" name="queryById" time="0"/>
  <testcase classname="com.rbac.dao.RoleDaoTest" name="queryByName" time="0"/>
  <testcase classname="com.rbac.dao.RoleDaoTest" name="grandAuth" time="0"/>
  <testcase classname="com.rbac.dao.RoleDaoTest" name="updateState" time="0"/>
  <testcase classname="com.rbac.dao.RoleDaoTest" name="updateRole" time="0">
    <error type="java.lang.NullPointerException">java.lang.NullPointerException
	at com.rbac.dao.RoleDaoTest.updateRole(RoleDaoTest.java:45)
	at sun.reflect.NativeMethodAccessorImpl.invoke0(Native Method)
	at sun.reflect.NativeMethodAccessorImpl.invoke(NativeMethodAccessorImpl.java:62)
	at sun.reflect.DelegatingMethodAccessorImpl.invoke(DelegatingMethodAccessorImpl.java:43)
	at java.lang.reflect.Method.invoke(Method.java:498)
	at org.junit.runners.model.FrameworkMethod$1.runReflectiveCall(FrameworkMethod.java:47)
	at org.junit.internal.runners.model.ReflectiveCallable.run(ReflectiveCallable.java:12)
	at org.junit.runners.model.FrameworkMethod.invokeExplosively(FrameworkMethod.java:44)
	at org.junit.internal.runners.statements.InvokeMethod.evaluate(InvokeMethod.java:17)
	at org.springframework.test.context.junit4.statements.RunBeforeTestMethodCallbacks.evaluate(RunBeforeTestMethodCallbacks.java:73)
	at org.springframework.test.context.junit4.statements.RunAfterTestMethodCallbacks.evaluate(RunAfterTestMethodCallbacks.java:82)
	at org.springframework.test.context.junit4.statements.SpringRepeat.evaluate(SpringRepeat.java:73)
	at org.junit.runners.ParentRunner.runLeaf(ParentRunner.java:271)
	at org.springframework.test.context.junit4.SpringJUnit4ClassRunner.runChild(SpringJUnit4ClassRunner.java:224)
	at org.springframework.test.context.junit4.SpringJUnit4ClassRunner.runChild(SpringJUnit4ClassRunner.java:83)
	at org.junit.runners.ParentRunner$3.run(ParentRunner.java:238)
	at org.junit.runners.ParentRunner$1.schedule(ParentRunner.java:63)
	at org.junit.runners.ParentRunner.runChildren(ParentRunner.java:236)
	at org.junit.runners.ParentRunner.access$000(ParentRunner.java:53)
	at org.junit.runners.ParentRunner$2.evaluate(ParentRunner.java:229)
	at org.springframework.test.context.junit4.statements.RunBeforeTestClassCallbacks.evaluate(RunBeforeTestClassCallbacks.java:61)
	at org.springframework.test.context.junit4.statements.RunAfterTestClassCallbacks.evaluate(RunAfterTestClassCallbacks.java:68)
	at org.junit.runners.ParentRunner.run(ParentRunner.java:309)
	at org.springframework.test.context.junit4.SpringJUnit4ClassRunner.run(SpringJUnit4ClassRunner.java:163)
	at org.apache.maven.surefire.junit4.JUnit4Provider.execute(JUnit4Provider.java:252)
	at org.apache.maven.surefire.junit4.JUnit4Provider.executeTestSet(JUnit4Provider.java:141)
	at org.apache.maven.surefire.junit4.JUnit4Provider.invoke(JUnit4Provider.java:112)
	at sun.reflect.NativeMethodAccessorImpl.invoke0(Native Method)
	at sun.reflect.NativeMethodAccessorImpl.invoke(NativeMethodAccessorImpl.java:62)
	at sun.reflect.DelegatingMethodAccessorImpl.invoke(DelegatingMethodAccessorImpl.java:43)
	at java.lang.reflect.Method.invoke(Method.java:498)
	at org.apache.maven.surefire.util.ReflectionUtils.invokeMethodWithArray(ReflectionUtils.java:189)
	at org.apache.maven.surefire.booter.ProviderFactory$ProviderProxy.invoke(ProviderFactory.java:165)
	at org.apache.maven.surefire.booter.ProviderFactory.invokeProvider(ProviderFactory.java:85)
	at org.apache.maven.surefire.booter.ForkedBooter.runSuitesInProcess(ForkedBooter.java:115)
	at org.apache.maven.surefire.booter.ForkedBooter.main(ForkedBooter.java:75)
</error>
    <system-out>14:59:04.486 [main] DEBUG org.mybatis.spring.SqlSessionUtils - Creating a new SqlSession
14:59:04.487 [main] DEBUG org.mybatis.spring.SqlSessionUtils - SqlSession [org.apache.ibatis.session.defaults.DefaultSqlSession@5922ae77] was not registered for synchronization because synchronization is not active
14:59:04.487 [main] DEBUG o.m.s.t.SpringManagedTransaction - JDBC Connection [com.mchange.v2.c3p0.impl.NewProxyConnection@2af616d3] will not be managed by Spring
14:59:04.487 [main] DEBUG com.rbac.dao.RoleDao.queryById - ==&gt;  Preparing: select role_id, role_name, role_auth_ids, role_auth_ac, role_createtime, role_state from `role` r where r.role_id = ?; 
14:59:04.488 [main] DEBUG com.rbac.dao.RoleDao.queryById - ==&gt; Parameters: 4(Integer)
14:59:04.490 [main] DEBUG com.rbac.dao.RoleDao.queryById - &lt;==      Total: 0
14:59:04.491 [main] DEBUG org.mybatis.spring.SqlSessionUtils - Closing non transactional SqlSession [org.apache.ibatis.session.defaults.DefaultSqlSession@5922ae77]
</system-out>
  </testcase>
  <testcase classname="com.rbac.dao.RoleDaoTest" name="insertRole" time="0.007"/>
  <testcase classname="com.rbac.dao.RoleDaoTest" name="deleteRole" time="0.029"/>
</testsuite>